🧩 === Startar full daglig uppdatering: Mon Oct 27 07:00:01 PM CET 2025 ===
----------------------------------------------
→ Uppdaterar systeminfo...
✅ Systeminfo sparad till /home/kate/docs-engine/dashboard/assets/data/systeminfo.json
awk: cannot open "/home/kate/docs-engine/dashboard/utvecklingsoversikt.html" (No such file or directory)
🚀 HTML-sidan uppdaterad med aktuell systeminfo: /home/kate/docs-engine/dashboard/utvecklingsoversikt.html
→ Uppdaterar inloggningsdata...
✅ Dashboard uppdaterad: /home/kate/docs-engine/exports/html/login_dashboard.html
→ Uppdaterar kommandostatistik...
/home/kate/docs-engine/dashboard/scripts/generate_command_stats.sh: line 15: ../assets/data/command_stats.csv: No such file or directory
/home/kate/docs-engine/dashboard/scripts/generate_command_stats.sh: line 23: ../assets/data/command_stats.csv: No such file or directory
/home/kate/docs-engine/dashboard/scripts/generate_command_stats.sh: line 23: ../assets/data/command_stats.csv: No such file or directory
/home/kate/docs-engine/dashboard/scripts/generate_command_stats.sh: line 23: ../assets/data/command_stats.csv: No such file or directory
/home/kate/docs-engine/dashboard/scripts/generate_command_stats.sh: line 23: ../assets/data/command_stats.csv: No such file or directory
/home/kate/docs-engine/dashboard/scripts/generate_command_stats.sh: line 23: ../assets/data/command_stats.csv: No such file or directory
✅ Statistik genererad i ../assets/data/command_stats.csv
→ Uppdaterar tidslinje (commands_per_day.csv)...
/home/kate/docs-engine/dashboard/scripts/generate_timeline.sh: line 7: ../assets/data/commands_per_day.csv: No such file or directory
cut: ../logs/command_history_with_timestamps.txt: No such file or directory
✅ Tidslinje-data genererad i ../assets/data/commands_per_day.csv
→ Analyserar docs-engine för systemöversikt...
🚀 Genererar systemöversikt från /home/kate/docs-engine ...
✅ Översikt skapad: /home/kate/docs-engine/dashboard/html/system_oversikt.html
→ Genererar projektstruktur (2 nivåer)...
🚧 Genererar projektstruktur (2 nivåer)...
✅ Projektstruktur sparad i: /home/kate/docs-engine/dashboard/assets/data/project_structure.html
→ Uppdaterar sida: kontrollrapport_final.html
→ Uppdaterar sida: kontrollrapport.html
→ Uppdaterar sida: layout_master.html
→ Uppdaterar sida: mentor_feedback.html
→ Uppdaterar sida: min_utveckling.html
→ Uppdaterar sida: system_oversikt_final.html
→ Uppdaterar sida: system_oversikt.html
→ Uppdaterar sida: utvecklingsoversikt.html
→ Infogar uppdateringstid i system_oversikt.html
----------------------------------------------
✅ Alla uppdateringar klara: Mon Oct 27 07:00:01 PM CET 2025
